{"C:\\Users\\user 1\\Music\\UniResCollab-need_tests\\BackEnd\\server.js": {"path":"C:\\Users\\user 1\\Music\\UniResCollab-need_tests\\BackEnd\\server.js","statementMap":{"0":{"start":{"line":1,"column":16},"end":{"line":1,"column":34}},"1":{"start":{"line":2,"column":13},"end":{"line":2,"column":28}},"2":{"start":{"line":3,"column":16},"end":{"line":3,"column":42}},"3":{"start":{"line":4,"column":17},"end":{"line":4,"column":45}},"4":{"start":{"line":5,"column":19},"end":{"line":5,"column":49}},"5":{"start":{"line":6,"column":18},"end":{"line":6,"column":48}},"6":{"start":{"line":7,"column":23},"end":{"line":7,"column":53}},"7":{"start":{"line":8,"column":22},"end":{"line":8,"column":58}},"8":{"start":{"line":9,"column":23},"end":{"line":9,"column":49}},"9":{"start":{"line":10,"column":19},"end":{"line":10,"column":50}},"10":{"start":{"line":12,"column":0},"end":{"line":12,"column":70}},"11":{"start":{"line":15,"column":15},"end":{"line":15,"column":43}},"12":{"start":{"line":17,"column":12},"end":{"line":17,"column":21}},"13":{"start":{"line":18,"column":13},"end":{"line":18,"column":17}},"14":{"start":{"line":21,"column":0},"end":{"line":21,"column":24}},"15":{"start":{"line":22,"column":0},"end":{"line":22,"column":30}},"16":{"start":{"line":23,"column":0},"end":{"line":23,"column":29}},"17":{"start":{"line":24,"column":0},"end":{"line":24,"column":65}},"18":{"start":{"line":25,"column":0},"end":{"line":25,"column":63}},"19":{"start":{"line":26,"column":0},"end":{"line":26,"column":60}},"20":{"start":{"line":27,"column":0},"end":{"line":27,"column":24}},"21":{"start":{"line":28,"column":0},"end":{"line":28,"column":25}},"22":{"start":{"line":31,"column":0},"end":{"line":31,"column":48}},"23":{"start":{"line":32,"column":0},"end":{"line":32,"column":92}},"24":{"start":{"line":34,"column":0},"end":{"line":34,"column":31}},"25":{"start":{"line":35,"column":0},"end":{"line":35,"column":28}},"26":{"start":{"line":36,"column":0},"end":{"line":36,"column":35}},"27":{"start":{"line":40,"column":0},"end":{"line":40,"column":28}},"28":{"start":{"line":41,"column":0},"end":{"line":41,"column":25}},"29":{"start":{"line":44,"column":0},"end":{"line":44,"column":24}},"30":{"start":{"line":47,"column":0},"end":{"line":47,"column":47}},"31":{"start":{"line":50,"column":0},"end":{"line":55,"column":3}},"32":{"start":{"line":51,"column":2},"end":{"line":53,"column":3}},"33":{"start":{"line":52,"column":4},"end":{"line":52,"column":34}},"34":{"start":{"line":54,"column":2},"end":{"line":54,"column":76}},"35":{"start":{"line":56,"column":0},"end":{"line":58,"column":3}},"36":{"start":{"line":57,"column":2},"end":{"line":57,"column":22}},"37":{"start":{"line":61,"column":0},"end":{"line":65,"column":3}},"38":{"start":{"line":62,"column":2},"end":{"line":64,"column":5}},"39":{"start":{"line":63,"column":4},"end":{"line":63,"column":27}},"40":{"start":{"line":70,"column":20},"end":{"line":79,"column":1}},"41":{"start":{"line":71,"column":2},"end":{"line":78,"column":3}},"42":{"start":{"line":72,"column":4},"end":{"line":72,"column":15}},"43":{"start":{"line":73,"column":4},"end":{"line":75,"column":7}},"44":{"start":{"line":74,"column":6},"end":{"line":74,"column":64}},"45":{"start":{"line":77,"column":4},"end":{"line":77,"column":65}},"46":{"start":{"line":81,"column":0},"end":{"line":81,"column":21}},"47":{"start":{"line":82,"column":0},"end":{"line":84,"column":1}},"48":{"start":{"line":83,"column":2},"end":{"line":83,"column":16}}},"fnMap":{"0":{"name":"(anonymous_0)","decl":{"start":{"line":50,"column":23},"end":{"line":50,"column":24}},"loc":{"start":{"line":50,"column":37},"end":{"line":55,"column":1}},"line":50},"1":{"name":"(anonymous_1)","decl":{"start":{"line":56,"column":18},"end":{"line":56,"column":19}},"loc":{"start":{"line":56,"column":32},"end":{"line":58,"column":1}},"line":56},"2":{"name":"(anonymous_2)","decl":{"start":{"line":61,"column":19},"end":{"line":61,"column":20}},"loc":{"start":{"line":61,"column":33},"end":{"line":65,"column":1}},"line":61},"3":{"name":"(anonymous_3)","decl":{"start":{"line":62,"column":13},"end":{"line":62,"column":14}},"loc":{"start":{"line":62,"column":19},"end":{"line":64,"column":3}},"line":62},"4":{"name":"(anonymous_4)","decl":{"start":{"line":70,"column":20},"end":{"line":70,"column":21}},"loc":{"start":{"line":70,"column":32},"end":{"line":79,"column":1}},"line":70},"5":{"name":"(anonymous_5)","decl":{"start":{"line":73,"column":21},"end":{"line":73,"column":22}},"loc":{"start":{"line":73,"column":27},"end":{"line":75,"column":5}},"line":73}},"branchMap":{"0":{"loc":{"start":{"line":51,"column":2},"end":{"line":53,"column":3}},"type":"if","locations":[{"start":{"line":51,"column":2},"end":{"line":53,"column":3}},{"start":{},"end":{}}],"line":51},"1":{"loc":{"start":{"line":82,"column":0},"end":{"line":84,"column":1}},"type":"if","locations":[{"start":{"line":82,"column":0},"end":{"line":84,"column":1}},{"start":{},"end":{}}],"line":82}},"s":{"0":2,"1":2,"2":2,"3":2,"4":2,"5":2,"6":2,"7":2,"8":2,"9":2,"10":2,"11":2,"12":2,"13":2,"14":2,"15":2,"16":2,"17":2,"18":2,"19":2,"20":2,"21":2,"22":2,"23":2,"24":2,"25":2,"26":2,"27":2,"28":2,"29":2,"30":2,"31":2,"32":0,"33":0,"34":0,"35":2,"36":0,"37":2,"38":0,"39":0,"40":2,"41":0,"42":0,"43":0,"44":0,"45":0,"46":2,"47":2,"48":0},"f":{"0":0,"1":0,"2":0,"3":0,"4":0,"5":0},"b":{"0":[0,0],"1":[0,2]},"_coverageSchema":"1a1c01bbd47fc00a2c39e90264f33305004495a9","hash":"2eb915f3c7aa1d934cc77cfe63a2cfa10159feb9"}
,"C:\\Users\\user 1\\Music\\UniResCollab-need_tests\\BackEnd\\Controllers\\authController.js": {"path":"C:\\Users\\user 1\\Music\\UniResCollab-need_tests\\BackEnd\\Controllers\\authController.js","statementMap":{"0":{"start":{"line":1,"column":23},"end":{"line":9,"column":1}},"1":{"start":{"line":2,"column":4},"end":{"line":7,"column":5}},"2":{"start":{"line":4,"column":8},"end":{"line":4,"column":74}},"3":{"start":{"line":4,"column":39},"end":{"line":4,"column":74}},"4":{"start":{"line":5,"column":8},"end":{"line":5,"column":80}},"5":{"start":{"line":5,"column":42},"end":{"line":5,"column":80}},"6":{"start":{"line":6,"column":8},"end":{"line":6,"column":84}},"7":{"start":{"line":6,"column":44},"end":{"line":6,"column":84}},"8":{"start":{"line":8,"column":4},"end":{"line":8,"column":27}},"9":{"start":{"line":11,"column":23},"end":{"line":21,"column":1}},"10":{"start":{"line":14,"column":4},"end":{"line":19,"column":5}},"11":{"start":{"line":16,"column":8},"end":{"line":16,"column":74}},"12":{"start":{"line":16,"column":39},"end":{"line":16,"column":74}},"13":{"start":{"line":17,"column":8},"end":{"line":17,"column":80}},"14":{"start":{"line":17,"column":42},"end":{"line":17,"column":80}},"15":{"start":{"line":18,"column":8},"end":{"line":18,"column":84}},"16":{"start":{"line":18,"column":44},"end":{"line":18,"column":84}},"17":{"start":{"line":20,"column":4},"end":{"line":20,"column":27}},"18":{"start":{"line":23,"column":19},"end":{"line":25,"column":1}},"19":{"start":{"line":24,"column":4},"end":{"line":24,"column":24}},"20":{"start":{"line":27,"column":0},"end":{"line":31,"column":2}}},"fnMap":{"0":{"name":"(anonymous_0)","decl":{"start":{"line":1,"column":23},"end":{"line":1,"column":24}},"loc":{"start":{"line":1,"column":37},"end":{"line":9,"column":1}},"line":1},"1":{"name":"(anonymous_1)","decl":{"start":{"line":11,"column":23},"end":{"line":11,"column":24}},"loc":{"start":{"line":11,"column":37},"end":{"line":21,"column":1}},"line":11},"2":{"name":"(anonymous_2)","decl":{"start":{"line":23,"column":19},"end":{"line":23,"column":20}},"loc":{"start":{"line":23,"column":36},"end":{"line":25,"column":1}},"line":23}},"branchMap":{"0":{"loc":{"start":{"line":2,"column":4},"end":{"line":7,"column":5}},"type":"if","locations":[{"start":{"line":2,"column":4},"end":{"line":7,"column":5}},{"start":{},"end":{}}],"line":2},"1":{"loc":{"start":{"line":2,"column":8},"end":{"line":2,"column":33}},"type":"binary-expr","locations":[{"start":{"line":2,"column":8},"end":{"line":2,"column":16}},{"start":{"line":2,"column":20},"end":{"line":2,"column":33}}],"line":2},"2":{"loc":{"start":{"line":4,"column":8},"end":{"line":4,"column":74}},"type":"if","locations":[{"start":{"line":4,"column":8},"end":{"line":4,"column":74}},{"start":{},"end":{}}],"line":4},"3":{"loc":{"start":{"line":5,"column":8},"end":{"line":5,"column":80}},"type":"if","locations":[{"start":{"line":5,"column":8},"end":{"line":5,"column":80}},{"start":{},"end":{}}],"line":5},"4":{"loc":{"start":{"line":6,"column":8},"end":{"line":6,"column":84}},"type":"if","locations":[{"start":{"line":6,"column":8},"end":{"line":6,"column":84}},{"start":{},"end":{}}],"line":6},"5":{"loc":{"start":{"line":14,"column":4},"end":{"line":19,"column":5}},"type":"if","locations":[{"start":{"line":14,"column":4},"end":{"line":19,"column":5}},{"start":{},"end":{}}],"line":14},"6":{"loc":{"start":{"line":14,"column":8},"end":{"line":14,"column":33}},"type":"binary-expr","locations":[{"start":{"line":14,"column":8},"end":{"line":14,"column":16}},{"start":{"line":14,"column":20},"end":{"line":14,"column":33}}],"line":14},"7":{"loc":{"start":{"line":16,"column":8},"end":{"line":16,"column":74}},"type":"if","locations":[{"start":{"line":16,"column":8},"end":{"line":16,"column":74}},{"start":{},"end":{}}],"line":16},"8":{"loc":{"start":{"line":17,"column":8},"end":{"line":17,"column":80}},"type":"if","locations":[{"start":{"line":17,"column":8},"end":{"line":17,"column":80}},{"start":{},"end":{}}],"line":17},"9":{"loc":{"start":{"line":18,"column":8},"end":{"line":18,"column":84}},"type":"if","locations":[{"start":{"line":18,"column":8},"end":{"line":18,"column":84}},{"start":{},"end":{}}],"line":18}},"s":{"0":2,"1":0,"2":0,"3":0,"4":0,"5":0,"6":0,"7":0,"8":0,"9":2,"10":0,"11":0,"12":0,"13":0,"14":0,"15":0,"16":0,"17":0,"18":2,"19":0,"20":2},"f":{"0":0,"1":0,"2":0},"b":{"0":[0,0],"1":[0,0],"2":[0,0],"3":[0,0],"4":[0,0],"5":[0,0],"6":[0,0],"7":[0,0],"8":[0,0],"9":[0,0]},"_coverageSchema":"1a1c01bbd47fc00a2c39e90264f33305004495a9","hash":"6ef5c1f0776e4d71797f14fe551ab6980d536373"}
,"C:\\Users\\user 1\\Music\\UniResCollab-need_tests\\BackEnd\\Controllers\\fileControllers": {"path":"C:\\Users\\user 1\\Music\\UniResCollab-need_tests\\BackEnd\\Controllers\\fileControllers","statementMap":{"0":{"start":{"line":1,"column":13},"end":{"line":1,"column":43}},"1":{"start":{"line":4,"column":0},"end":{"line":12,"column":2}},"2":{"start":{"line":5,"column":2},"end":{"line":11,"column":3}},"3":{"start":{"line":6,"column":18},"end":{"line":6,"column":35}},"4":{"start":{"line":7,"column":4},"end":{"line":7,"column":35}},"5":{"start":{"line":9,"column":4},"end":{"line":9,"column":25}},"6":{"start":{"line":10,"column":4},"end":{"line":10,"column":48}},"7":{"start":{"line":15,"column":0},"end":{"line":31,"column":2}},"8":{"start":{"line":16,"column":2},"end":{"line":30,"column":3}},"9":{"start":{"line":17,"column":47},"end":{"line":17,"column":55}},"10":{"start":{"line":19,"column":17},"end":{"line":23,"column":6}},"11":{"start":{"line":25,"column":4},"end":{"line":25,"column":22}},"12":{"start":{"line":26,"column":4},"end":{"line":26,"column":27}},"13":{"start":{"line":28,"column":4},"end":{"line":28,"column":25}},"14":{"start":{"line":29,"column":4},"end":{"line":29,"column":54}},"15":{"start":{"line":34,"column":0},"end":{"line":42,"column":2}},"16":{"start":{"line":35,"column":2},"end":{"line":41,"column":3}},"17":{"start":{"line":36,"column":18},"end":{"line":36,"column":35}},"18":{"start":{"line":37,"column":4},"end":{"line":37,"column":20}},"19":{"start":{"line":39,"column":4},"end":{"line":39,"column":25}},"20":{"start":{"line":40,"column":4},"end":{"line":40,"column":52}},"21":{"start":{"line":45,"column":0},"end":{"line":56,"column":2}},"22":{"start":{"line":46,"column":2},"end":{"line":55,"column":3}},"23":{"start":{"line":47,"column":17},"end":{"line":47,"column":51}},"24":{"start":{"line":48,"column":4},"end":{"line":48,"column":61}},"25":{"start":{"line":48,"column":15},"end":{"line":48,"column":61}},"26":{"start":{"line":50,"column":4},"end":{"line":50,"column":38}},"27":{"start":{"line":51,"column":4},"end":{"line":51,"column":24}},"28":{"start":{"line":53,"column":4},"end":{"line":53,"column":25}},"29":{"start":{"line":54,"column":4},"end":{"line":54,"column":51}}},"fnMap":{"0":{"name":"(anonymous_0)","decl":{"start":{"line":4,"column":24},"end":{"line":4,"column":25}},"loc":{"start":{"line":4,"column":44},"end":{"line":12,"column":1}},"line":4},"1":{"name":"(anonymous_1)","decl":{"start":{"line":15,"column":21},"end":{"line":15,"column":22}},"loc":{"start":{"line":15,"column":41},"end":{"line":31,"column":1}},"line":15},"2":{"name":"(anonymous_2)","decl":{"start":{"line":34,"column":20},"end":{"line":34,"column":21}},"loc":{"start":{"line":34,"column":40},"end":{"line":42,"column":1}},"line":34},"3":{"name":"(anonymous_3)","decl":{"start":{"line":45,"column":23},"end":{"line":45,"column":24}},"loc":{"start":{"line":45,"column":43},"end":{"line":56,"column":1}},"line":45}},"branchMap":{"0":{"loc":{"start":{"line":48,"column":4},"end":{"line":48,"column":61}},"type":"if","locations":[{"start":{"line":48,"column":4},"end":{"line":48,"column":61}},{"start":{},"end":{}}],"line":48}},"s":{"0":2,"1":2,"2":0,"3":0,"4":0,"5":0,"6":0,"7":2,"8":0,"9":0,"10":0,"11":0,"12":0,"13":0,"14":0,"15":2,"16":0,"17":0,"18":0,"19":0,"20":0,"21":2,"22":0,"23":0,"24":0,"25":0,"26":0,"27":0,"28":0,"29":0},"f":{"0":0,"1":0,"2":0,"3":0},"b":{"0":[0,0]},"inputSourceMap":null,"_coverageSchema":"1a1c01bbd47fc00a2c39e90264f33305004495a9","hash":"bd4159865515bc49a85adfecea0325706cdc02bf"}
,"C:\\Users\\user 1\\Music\\UniResCollab-need_tests\\BackEnd\\Controllers\\projectController.js": {"path":"C:\\Users\\user 1\\Music\\UniResCollab-need_tests\\BackEnd\\Controllers\\projectController.js","statementMap":{"0":{"start":{"line":1,"column":16},"end":{"line":1,"column":44}},"1":{"start":{"line":2,"column":13},"end":{"line":2,"column":43}},"2":{"start":{"line":5,"column":0},"end":{"line":49,"column":2}},"3":{"start":{"line":6,"column":2},"end":{"line":48,"column":3}},"4":{"start":{"line":20,"column":8},"end":{"line":20,"column":16}},"5":{"start":{"line":23,"column":4},"end":{"line":25,"column":5}},"6":{"start":{"line":24,"column":6},"end":{"line":24,"column":73}},"7":{"start":{"line":27,"column":23},"end":{"line":41,"column":6}},"8":{"start":{"line":39,"column":118},"end":{"line":39,"column":126}},"9":{"start":{"line":43,"column":4},"end":{"line":43,"column":28}},"10":{"start":{"line":44,"column":4},"end":{"line":44,"column":37}},"11":{"start":{"line":46,"column":4},"end":{"line":46,"column":50}},"12":{"start":{"line":47,"column":4},"end":{"line":47,"column":51}},"13":{"start":{"line":54,"column":0},"end":{"line":62,"column":2}},"14":{"start":{"line":55,"column":2},"end":{"line":61,"column":3}},"15":{"start":{"line":56,"column":21},"end":{"line":56,"column":63}},"16":{"start":{"line":57,"column":4},"end":{"line":57,"column":44}},"17":{"start":{"line":59,"column":4},"end":{"line":59,"column":23}},"18":{"start":{"line":60,"column":4},"end":{"line":60,"column":59}},"19":{"start":{"line":65,"column":0},"end":{"line":86,"column":2}},"20":{"start":{"line":66,"column":2},"end":{"line":85,"column":3}},"21":{"start":{"line":67,"column":20},"end":{"line":67,"column":57}},"22":{"start":{"line":69,"column":4},"end":{"line":71,"column":5}},"23":{"start":{"line":70,"column":6},"end":{"line":70,"column":55}},"24":{"start":{"line":73,"column":20},"end":{"line":73,"column":71}},"25":{"start":{"line":74,"column":23},"end":{"line":74,"column":51}},"26":{"start":{"line":75,"column":27},"end":{"line":75,"column":77}},"27":{"start":{"line":77,"column":4},"end":{"line":79,"column":5}},"28":{"start":{"line":78,"column":6},"end":{"line":78,"column":81}},"29":{"start":{"line":81,"column":4},"end":{"line":81,"column":63}},"30":{"start":{"line":83,"column":4},"end":{"line":83,"column":23}},"31":{"start":{"line":84,"column":4},"end":{"line":84,"column":61}},"32":{"start":{"line":90,"column":0},"end":{"line":101,"column":2}},"33":{"start":{"line":91,"column":2},"end":{"line":100,"column":3}},"34":{"start":{"line":93,"column":21},"end":{"line":93,"column":63}},"35":{"start":{"line":96,"column":4},"end":{"line":96,"column":63}},"36":{"start":{"line":98,"column":4},"end":{"line":98,"column":51}},"37":{"start":{"line":99,"column":4},"end":{"line":99,"column":59}},"38":{"start":{"line":105,"column":0},"end":{"line":125,"column":2}},"39":{"start":{"line":106,"column":2},"end":{"line":124,"column":3}},"40":{"start":{"line":107,"column":20},"end":{"line":107,"column":57}},"41":{"start":{"line":109,"column":4},"end":{"line":111,"column":5}},"42":{"start":{"line":110,"column":6},"end":{"line":110,"column":55}},"43":{"start":{"line":114,"column":4},"end":{"line":116,"column":5}},"44":{"start":{"line":115,"column":6},"end":{"line":115,"column":73}},"45":{"start":{"line":118,"column":4},"end":{"line":118,"column":51}},"46":{"start":{"line":120,"column":4},"end":{"line":120,"column":37}},"47":{"start":{"line":122,"column":4},"end":{"line":122,"column":50}},"48":{"start":{"line":123,"column":4},"end":{"line":123,"column":51}},"49":{"start":{"line":128,"column":0},"end":{"line":184,"column":2}},"50":{"start":{"line":129,"column":2},"end":{"line":183,"column":3}},"51":{"start":{"line":130,"column":22},"end":{"line":130,"column":35}},"52":{"start":{"line":145,"column":8},"end":{"line":145,"column":16}},"53":{"start":{"line":148,"column":20},"end":{"line":148,"column":53}},"54":{"start":{"line":150,"column":4},"end":{"line":152,"column":5}},"55":{"start":{"line":151,"column":6},"end":{"line":151,"column":55}},"56":{"start":{"line":155,"column":4},"end":{"line":157,"column":5}},"57":{"start":{"line":156,"column":6},"end":{"line":156,"column":71}},"58":{"start":{"line":160,"column":4},"end":{"line":160,"column":43}},"59":{"start":{"line":161,"column":4},"end":{"line":161,"column":46}},"60":{"start":{"line":162,"column":4},"end":{"line":162,"column":52}},"61":{"start":{"line":163,"column":4},"end":{"line":163,"column":55}},"62":{"start":{"line":164,"column":4},"end":{"line":164,"column":49}},"63":{"start":{"line":165,"column":4},"end":{"line":165,"column":83}},"64":{"start":{"line":166,"column":4},"end":{"line":166,"column":34}},"65":{"start":{"line":167,"column":4},"end":{"line":167,"column":61}},"66":{"start":{"line":168,"column":4},"end":{"line":168,"column":58}},"67":{"start":{"line":169,"column":4},"end":{"line":169,"column":46}},"68":{"start":{"line":170,"column":4},"end":{"line":170,"column":58}},"69":{"start":{"line":171,"column":4},"end":{"line":175,"column":30}},"70":{"start":{"line":174,"column":42},"end":{"line":174,"column":50}},"71":{"start":{"line":177,"column":4},"end":{"line":177,"column":25}},"72":{"start":{"line":179,"column":4},"end":{"line":179,"column":37}},"73":{"start":{"line":181,"column":4},"end":{"line":181,"column":50}},"74":{"start":{"line":182,"column":4},"end":{"line":182,"column":51}},"75":{"start":{"line":187,"column":0},"end":{"line":200,"column":2}},"76":{"start":{"line":188,"column":2},"end":{"line":199,"column":3}},"77":{"start":{"line":189,"column":20},"end":{"line":189,"column":57}},"78":{"start":{"line":191,"column":4},"end":{"line":193,"column":5}},"79":{"start":{"line":192,"column":6},"end":{"line":192,"column":71}},"80":{"start":{"line":195,"column":4},"end":{"line":195,"column":44}},"81":{"start":{"line":197,"column":4},"end":{"line":197,"column":51}},"82":{"start":{"line":198,"column":4},"end":{"line":198,"column":52}},"83":{"start":{"line":204,"column":0},"end":{"line":221,"column":2}},"84":{"start":{"line":205,"column":2},"end":{"line":220,"column":3}},"85":{"start":{"line":206,"column":30},"end":{"line":206,"column":40}},"86":{"start":{"line":207,"column":20},"end":{"line":207,"column":79}},"87":{"start":{"line":209,"column":4},"end":{"line":211,"column":5}},"88":{"start":{"line":210,"column":6},"end":{"line":210,"column":71}},"89":{"start":{"line":213,"column":4},"end":{"line":216,"column":7}},"90":{"start":{"line":218,"column":4},"end":{"line":218,"column":53}},"91":{"start":{"line":219,"column":4},"end":{"line":219,"column":54}},"92":{"start":{"line":223,"column":0},"end":{"line":241,"column":2}},"93":{"start":{"line":224,"column":2},"end":{"line":240,"column":3}},"94":{"start":{"line":225,"column":25},"end":{"line":225,"column":34}},"95":{"start":{"line":227,"column":4},"end":{"line":229,"column":5}},"96":{"start":{"line":228,"column":6},"end":{"line":228,"column":69}},"97":{"start":{"line":231,"column":18},"end":{"line":234,"column":25}},"98":{"start":{"line":236,"column":4},"end":{"line":236,"column":20}},"99":{"start":{"line":238,"column":4},"end":{"line":238,"column":49}},"100":{"start":{"line":239,"column":4},"end":{"line":239,"column":74}},"101":{"start":{"line":243,"column":0},"end":{"line":272,"column":2}},"102":{"start":{"line":244,"column":2},"end":{"line":271,"column":3}},"103":{"start":{"line":245,"column":36},"end":{"line":245,"column":44}},"104":{"start":{"line":247,"column":22},"end":{"line":247,"column":54}},"105":{"start":{"line":248,"column":4},"end":{"line":250,"column":5}},"106":{"start":{"line":249,"column":6},"end":{"line":249,"column":81}},"107":{"start":{"line":252,"column":20},"end":{"line":252,"column":53}},"108":{"start":{"line":253,"column":4},"end":{"line":255,"column":5}},"109":{"start":{"line":254,"column":6},"end":{"line":254,"column":84}},"110":{"start":{"line":257,"column":4},"end":{"line":259,"column":5}},"111":{"start":{"line":258,"column":6},"end":{"line":258,"column":79}},"112":{"start":{"line":262,"column":4},"end":{"line":265,"column":5}},"113":{"start":{"line":263,"column":6},"end":{"line":263,"column":53}},"114":{"start":{"line":264,"column":6},"end":{"line":264,"column":27}},"115":{"start":{"line":267,"column":4},"end":{"line":267,"column":51}},"116":{"start":{"line":269,"column":4},"end":{"line":269,"column":55}},"117":{"start":{"line":270,"column":4},"end":{"line":270,"column":83}}},"fnMap":{"0":{"name":"(anonymous_0)","decl":{"start":{"line":5,"column":24},"end":{"line":5,"column":25}},"loc":{"start":{"line":5,"column":44},"end":{"line":49,"column":1}},"line":5},"1":{"name":"(anonymous_1)","decl":{"start":{"line":39,"column":113},"end":{"line":39,"column":114}},"loc":{"start":{"line":39,"column":118},"end":{"line":39,"column":126}},"line":39},"2":{"name":"(anonymous_2)","decl":{"start":{"line":54,"column":24},"end":{"line":54,"column":25}},"loc":{"start":{"line":54,"column":44},"end":{"line":62,"column":1}},"line":54},"3":{"name":"(anonymous_3)","decl":{"start":{"line":65,"column":29},"end":{"line":65,"column":30}},"loc":{"start":{"line":65,"column":49},"end":{"line":86,"column":1}},"line":65},"4":{"name":"(anonymous_4)","decl":{"start":{"line":90,"column":25},"end":{"line":90,"column":26}},"loc":{"start":{"line":90,"column":45},"end":{"line":101,"column":1}},"line":90},"5":{"name":"(anonymous_5)","decl":{"start":{"line":105,"column":24},"end":{"line":105,"column":25}},"loc":{"start":{"line":105,"column":44},"end":{"line":125,"column":1}},"line":105},"6":{"name":"(anonymous_6)","decl":{"start":{"line":128,"column":22},"end":{"line":128,"column":23}},"loc":{"start":{"line":128,"column":42},"end":{"line":184,"column":1}},"line":128},"7":{"name":"(anonymous_7)","decl":{"start":{"line":174,"column":37},"end":{"line":174,"column":38}},"loc":{"start":{"line":174,"column":42},"end":{"line":174,"column":50}},"line":174},"8":{"name":"(anonymous_8)","decl":{"start":{"line":187,"column":29},"end":{"line":187,"column":30}},"loc":{"start":{"line":187,"column":49},"end":{"line":200,"column":1}},"line":187},"9":{"name":"(anonymous_9)","decl":{"start":{"line":204,"column":37},"end":{"line":204,"column":38}},"loc":{"start":{"line":204,"column":57},"end":{"line":221,"column":1}},"line":204},"10":{"name":"(anonymous_10)","decl":{"start":{"line":223,"column":31},"end":{"line":223,"column":32}},"loc":{"start":{"line":223,"column":51},"end":{"line":241,"column":1}},"line":223},"11":{"name":"(anonymous_11)","decl":{"start":{"line":243,"column":26},"end":{"line":243,"column":27}},"loc":{"start":{"line":243,"column":46},"end":{"line":272,"column":1}},"line":243}},"branchMap":{"0":{"loc":{"start":{"line":23,"column":4},"end":{"line":25,"column":5}},"type":"if","locations":[{"start":{"line":23,"column":4},"end":{"line":25,"column":5}},{"start":{},"end":{}}],"line":23},"1":{"loc":{"start":{"line":23,"column":8},"end":{"line":23,"column":102}},"type":"binary-expr","locations":[{"start":{"line":23,"column":8},"end":{"line":23,"column":14}},{"start":{"line":23,"column":18},"end":{"line":23,"column":25}},{"start":{"line":23,"column":29},"end":{"line":23,"column":38}},{"start":{"line":23,"column":42},"end":{"line":23,"column":52}},{"start":{"line":23,"column":56},"end":{"line":23,"column":64}},{"start":{"line":23,"column":68},"end":{"line":23,"column":71}},{"start":{"line":23,"column":75},"end":{"line":23,"column":87}},{"start":{"line":23,"column":91},"end":{"line":23,"column":102}}],"line":23},"2":{"loc":{"start":{"line":33,"column":19},"end":{"line":33,"column":75}},"type":"cond-expr","locations":[{"start":{"line":33,"column":48},"end":{"line":33,"column":59}},{"start":{"line":33,"column":62},"end":{"line":33,"column":75}}],"line":33},"3":{"loc":{"start":{"line":39,"column":21},"end":{"line":39,"column":132}},"type":"cond-expr","locations":[{"start":{"line":39,"column":52},"end":{"line":39,"column":65}},{"start":{"line":39,"column":68},"end":{"line":39,"column":132}}],"line":39},"4":{"loc":{"start":{"line":39,"column":68},"end":{"line":39,"column":132}},"type":"cond-expr","locations":[{"start":{"line":39,"column":84},"end":{"line":39,"column":127}},{"start":{"line":39,"column":130},"end":{"line":39,"column":132}}],"line":39},"5":{"loc":{"start":{"line":69,"column":4},"end":{"line":71,"column":5}},"type":"if","locations":[{"start":{"line":69,"column":4},"end":{"line":71,"column":5}},{"start":{},"end":{}}],"line":69},"6":{"loc":{"start":{"line":77,"column":4},"end":{"line":79,"column":5}},"type":"if","locations":[{"start":{"line":77,"column":4},"end":{"line":79,"column":5}},{"start":{},"end":{}}],"line":77},"7":{"loc":{"start":{"line":77,"column":8},"end":{"line":77,"column":50}},"type":"binary-expr","locations":[{"start":{"line":77,"column":8},"end":{"line":77,"column":16}},{"start":{"line":77,"column":20},"end":{"line":77,"column":31}},{"start":{"line":77,"column":35},"end":{"line":77,"column":50}}],"line":77},"8":{"loc":{"start":{"line":96,"column":45},"end":{"line":96,"column":59}},"type":"binary-expr","locations":[{"start":{"line":96,"column":45},"end":{"line":96,"column":53}},{"start":{"line":96,"column":57},"end":{"line":96,"column":59}}],"line":96},"9":{"loc":{"start":{"line":109,"column":4},"end":{"line":111,"column":5}},"type":"if","locations":[{"start":{"line":109,"column":4},"end":{"line":111,"column":5}},{"start":{},"end":{}}],"line":109},"10":{"loc":{"start":{"line":114,"column":4},"end":{"line":116,"column":5}},"type":"if","locations":[{"start":{"line":114,"column":4},"end":{"line":116,"column":5}},{"start":{},"end":{}}],"line":114},"11":{"loc":{"start":{"line":150,"column":4},"end":{"line":152,"column":5}},"type":"if","locations":[{"start":{"line":150,"column":4},"end":{"line":152,"column":5}},{"start":{},"end":{}}],"line":150},"12":{"loc":{"start":{"line":155,"column":4},"end":{"line":157,"column":5}},"type":"if","locations":[{"start":{"line":155,"column":4},"end":{"line":157,"column":5}},{"start":{},"end":{}}],"line":155},"13":{"loc":{"start":{"line":160,"column":20},"end":{"line":160,"column":42}},"type":"binary-expr","locations":[{"start":{"line":160,"column":20},"end":{"line":160,"column":25}},{"start":{"line":160,"column":29},"end":{"line":160,"column":42}}],"line":160},"14":{"loc":{"start":{"line":161,"column":21},"end":{"line":161,"column":45}},"type":"binary-expr","locations":[{"start":{"line":161,"column":21},"end":{"line":161,"column":27}},{"start":{"line":161,"column":31},"end":{"line":161,"column":45}}],"line":161},"15":{"loc":{"start":{"line":162,"column":23},"end":{"line":162,"column":51}},"type":"binary-expr","locations":[{"start":{"line":162,"column":23},"end":{"line":162,"column":31}},{"start":{"line":162,"column":35},"end":{"line":162,"column":51}}],"line":162},"16":{"loc":{"start":{"line":163,"column":24},"end":{"line":163,"column":54}},"type":"binary-expr","locations":[{"start":{"line":163,"column":24},"end":{"line":163,"column":33}},{"start":{"line":163,"column":37},"end":{"line":163,"column":54}}],"line":163},"17":{"loc":{"start":{"line":164,"column":22},"end":{"line":164,"column":48}},"type":"binary-expr","locations":[{"start":{"line":164,"column":22},"end":{"line":164,"column":29}},{"start":{"line":164,"column":33},"end":{"line":164,"column":48}}],"line":164},"18":{"loc":{"start":{"line":165,"column":26},"end":{"line":165,"column":82}},"type":"cond-expr","locations":[{"start":{"line":165,"column":55},"end":{"line":165,"column":66}},{"start":{"line":165,"column":69},"end":{"line":165,"column":82}}],"line":165},"19":{"loc":{"start":{"line":166,"column":17},"end":{"line":166,"column":33}},"type":"binary-expr","locations":[{"start":{"line":166,"column":17},"end":{"line":166,"column":19}},{"start":{"line":166,"column":23},"end":{"line":166,"column":33}}],"line":166},"20":{"loc":{"start":{"line":167,"column":26},"end":{"line":167,"column":60}},"type":"binary-expr","locations":[{"start":{"line":167,"column":26},"end":{"line":167,"column":37}},{"start":{"line":167,"column":41},"end":{"line":167,"column":60}}],"line":167},"21":{"loc":{"start":{"line":168,"column":25},"end":{"line":168,"column":57}},"type":"binary-expr","locations":[{"start":{"line":168,"column":25},"end":{"line":168,"column":35}},{"start":{"line":168,"column":39},"end":{"line":168,"column":57}}],"line":168},"22":{"loc":{"start":{"line":169,"column":21},"end":{"line":169,"column":45}},"type":"binary-expr","locations":[{"start":{"line":169,"column":21},"end":{"line":169,"column":27}},{"start":{"line":169,"column":31},"end":{"line":169,"column":45}}],"line":169},"23":{"loc":{"start":{"line":170,"column":25},"end":{"line":170,"column":57}},"type":"binary-expr","locations":[{"start":{"line":170,"column":25},"end":{"line":170,"column":35}},{"start":{"line":170,"column":39},"end":{"line":170,"column":57}}],"line":170},"24":{"loc":{"start":{"line":171,"column":28},"end":{"line":175,"column":29}},"type":"cond-expr","locations":[{"start":{"line":172,"column":8},"end":{"line":172,"column":21}},{"start":{"line":173,"column":8},"end":{"line":175,"column":29}}],"line":171},"25":{"loc":{"start":{"line":173,"column":8},"end":{"line":175,"column":29}},"type":"cond-expr","locations":[{"start":{"line":174,"column":8},"end":{"line":174,"column":51}},{"start":{"line":175,"column":8},"end":{"line":175,"column":29}}],"line":173},"26":{"loc":{"start":{"line":191,"column":4},"end":{"line":193,"column":5}},"type":"if","locations":[{"start":{"line":191,"column":4},"end":{"line":193,"column":5}},{"start":{},"end":{}}],"line":191},"27":{"loc":{"start":{"line":191,"column":8},"end":{"line":191,"column":71}},"type":"binary-expr","locations":[{"start":{"line":191,"column":8},"end":{"line":191,"column":16}},{"start":{"line":191,"column":20},"end":{"line":191,"column":71}}],"line":191},"28":{"loc":{"start":{"line":209,"column":4},"end":{"line":211,"column":5}},"type":"if","locations":[{"start":{"line":209,"column":4},"end":{"line":211,"column":5}},{"start":{},"end":{}}],"line":209},"29":{"loc":{"start":{"line":209,"column":8},"end":{"line":209,"column":71}},"type":"binary-expr","locations":[{"start":{"line":209,"column":8},"end":{"line":209,"column":16}},{"start":{"line":209,"column":20},"end":{"line":209,"column":71}}],"line":209},"30":{"loc":{"start":{"line":227,"column":4},"end":{"line":229,"column":5}},"type":"if","locations":[{"start":{"line":227,"column":4},"end":{"line":229,"column":5}},{"start":{},"end":{}}],"line":227},"31":{"loc":{"start":{"line":248,"column":4},"end":{"line":250,"column":5}},"type":"if","locations":[{"start":{"line":248,"column":4},"end":{"line":250,"column":5}},{"start":{},"end":{}}],"line":248},"32":{"loc":{"start":{"line":253,"column":4},"end":{"line":255,"column":5}},"type":"if","locations":[{"start":{"line":253,"column":4},"end":{"line":255,"column":5}},{"start":{},"end":{}}],"line":253},"33":{"loc":{"start":{"line":257,"column":4},"end":{"line":259,"column":5}},"type":"if","locations":[{"start":{"line":257,"column":4},"end":{"line":259,"column":5}},{"start":{},"end":{}}],"line":257},"34":{"loc":{"start":{"line":262,"column":4},"end":{"line":265,"column":5}},"type":"if","locations":[{"start":{"line":262,"column":4},"end":{"line":265,"column":5}},{"start":{},"end":{}}],"line":262}},"s":{"0":2,"1":2,"2":2,"3":0,"4":0,"5":0,"6":0,"7":0,"8":0,"9":0,"10":0,"11":0,"12":0,"13":2,"14":0,"15":0,"16":0,"17":0,"18":0,"19":2,"20":0,"21":0,"22":0,"23":0,"24":0,"25":0,"26":0,"27":0,"28":0,"29":0,"30":0,"31":0,"32":2,"33":0,"34":0,"35":0,"36":0,"37":0,"38":2,"39":0,"40":0,"41":0,"42":0,"43":0,"44":0,"45":0,"46":0,"47":0,"48":0,"49":2,"50":0,"51":0,"52":0,"53":0,"54":0,"55":0,"56":0,"57":0,"58":0,"59":0,"60":0,"61":0,"62":0,"63":0,"64":0,"65":0,"66":0,"67":0,"68":0,"69":0,"70":0,"71":0,"72":0,"73":0,"74":0,"75":2,"76":0,"77":0,"78":0,"79":0,"80":0,"81":0,"82":0,"83":2,"84":0,"85":0,"86":0,"87":0,"88":0,"89":0,"90":0,"91":0,"92":2,"93":0,"94":0,"95":0,"96":0,"97":0,"98":0,"99":0,"100":0,"101":2,"102":0,"103":0,"104":0,"105":0,"106":0,"107":0,"108":0,"109":0,"110":0,"111":0,"112":0,"113":0,"114":0,"115":0,"116":0,"117":0},"f":{"0":0,"1":0,"2":0,"3":0,"4":0,"5":0,"6":0,"7":0,"8":0,"9":0,"10":0,"11":0},"b":{"0":[0,0],"1":[0,0,0,0,0,0,0,0],"2":[0,0],"3":[0,0],"4":[0,0],"5":[0,0],"6":[0,0],"7":[0,0,0],"8":[0,0],"9":[0,0],"10":[0,0],"11":[0,0],"12":[0,0],"13":[0,0],"14":[0,0],"15":[0,0],"16":[0,0],"17":[0,0],"18":[0,0],"19":[0,0],"20":[0,0],"21":[0,0],"22":[0,0],"23":[0,0],"24":[0,0],"25":[0,0],"26":[0,0],"27":[0,0],"28":[0,0],"29":[0,0],"30":[0,0],"31":[0,0],"32":[0,0],"33":[0,0],"34":[0,0]},"_coverageSchema":"1a1c01bbd47fc00a2c39e90264f33305004495a9","hash":"1cc37bde1fdd219e4230fe76889ebc0e632d3b5e"}
,"C:\\Users\\user 1\\Music\\UniResCollab-need_tests\\BackEnd\\Controllers\\userController.js": {"path":"C:\\Users\\user 1\\Music\\UniResCollab-need_tests\\BackEnd\\Controllers\\userController.js","statementMap":{"0":{"start":{"line":1,"column":19},"end":{"line":1,"column":49}},"1":{"start":{"line":2,"column":15},"end":{"line":2,"column":32}},"2":{"start":{"line":3,"column":16},"end":{"line":3,"column":44}},"3":{"start":{"line":7,"column":0},"end":{"line":45,"column":2}},"4":{"start":{"line":9,"column":8},"end":{"line":9,"column":32}},"5":{"start":{"line":12,"column":8},"end":{"line":12,"column":35}},"6":{"start":{"line":15,"column":26},"end":{"line":15,"column":65}},"7":{"start":{"line":16,"column":8},"end":{"line":16,"column":57}},"8":{"start":{"line":19,"column":8},"end":{"line":36,"column":9}},"9":{"start":{"line":21,"column":30},"end":{"line":21,"column":69}},"10":{"start":{"line":24,"column":29},"end":{"line":29,"column":14}},"11":{"start":{"line":32,"column":12},"end":{"line":32,"column":92}},"12":{"start":{"line":34,"column":12},"end":{"line":34,"column":59}},"13":{"start":{"line":35,"column":12},"end":{"line":35,"column":67}},"14":{"start":{"line":39,"column":26},"end":{"line":39,"column":65}},"15":{"start":{"line":40,"column":8},"end":{"line":40,"column":60}},"16":{"start":{"line":43,"column":8},"end":{"line":43,"column":45}}},"fnMap":{"0":{"name":"(anonymous_0)","decl":{"start":{"line":8,"column":13},"end":{"line":8,"column":14}},"loc":{"start":{"line":8,"column":27},"end":{"line":10,"column":5}},"line":8},"1":{"name":"(anonymous_1)","decl":{"start":{"line":11,"column":14},"end":{"line":11,"column":15}},"loc":{"start":{"line":11,"column":28},"end":{"line":13,"column":5}},"line":11},"2":{"name":"(anonymous_2)","decl":{"start":{"line":14,"column":15},"end":{"line":14,"column":16}},"loc":{"start":{"line":14,"column":35},"end":{"line":17,"column":5}},"line":14},"3":{"name":"(anonymous_3)","decl":{"start":{"line":18,"column":20},"end":{"line":18,"column":21}},"loc":{"start":{"line":18,"column":40},"end":{"line":37,"column":5}},"line":18},"4":{"name":"(anonymous_4)","decl":{"start":{"line":38,"column":18},"end":{"line":38,"column":19}},"loc":{"start":{"line":38,"column":38},"end":{"line":41,"column":5}},"line":38},"5":{"name":"(anonymous_5)","decl":{"start":{"line":42,"column":11},"end":{"line":42,"column":12}},"loc":{"start":{"line":42,"column":25},"end":{"line":44,"column":5}},"line":42}},"branchMap":{"0":{"loc":{"start":{"line":32,"column":74},"end":{"line":32,"column":88}},"type":"binary-expr","locations":[{"start":{"line":32,"column":74},"end":{"line":32,"column":82}},{"start":{"line":32,"column":86},"end":{"line":32,"column":88}}],"line":32}},"s":{"0":3,"1":3,"2":3,"3":3,"4":1,"5":1,"6":1,"7":1,"8":2,"9":2,"10":2,"11":1,"12":1,"13":1,"14":1,"15":1,"16":1},"f":{"0":1,"1":1,"2":1,"3":2,"4":1,"5":1},"b":{"0":[1,0]},"_coverageSchema":"1a1c01bbd47fc00a2c39e90264f33305004495a9","hash":"f2a21338420505b418d77d16a2fd1f703b09b5b0"}
,"C:\\Users\\user 1\\Music\\UniResCollab-need_tests\\BackEnd\\Models\\fileModel.js": {"path":"C:\\Users\\user 1\\Music\\UniResCollab-need_tests\\BackEnd\\Models\\fileModel.js","statementMap":{"0":{"start":{"line":1,"column":17},"end":{"line":1,"column":36}},"1":{"start":{"line":3,"column":19},"end":{"line":7,"column":2}},"2":{"start":{"line":9,"column":13},"end":{"line":9,"column":47}},"3":{"start":{"line":11,"column":0},"end":{"line":11,"column":22}}},"fnMap":{},"branchMap":{},"s":{"0":2,"1":2,"2":2,"3":2},"f":{},"b":{},"_coverageSchema":"1a1c01bbd47fc00a2c39e90264f33305004495a9","hash":"1040d9d45f725ded4be7f57f3120e3e3017e3ac4"}
,"C:\\Users\\user 1\\Music\\UniResCollab-need_tests\\BackEnd\\Models\\project.js": {"path":"C:\\Users\\user 1\\Music\\UniResCollab-need_tests\\BackEnd\\Models\\project.js","statementMap":{"0":{"start":{"line":1,"column":17},"end":{"line":1,"column":36}},"1":{"start":{"line":3,"column":22},"end":{"line":59,"column":2}},"2":{"start":{"line":61,"column":0},"end":{"line":61,"column":59}}},"fnMap":{},"branchMap":{},"s":{"0":3,"1":3,"2":3},"f":{},"b":{},"_coverageSchema":"1a1c01bbd47fc00a2c39e90264f33305004495a9","hash":"ad759ab41d4441506e665839dfce0a7d94ab4fcd"}
,"C:\\Users\\user 1\\Music\\UniResCollab-need_tests\\BackEnd\\Models\\userModel.js": {"path":"C:\\Users\\user 1\\Music\\UniResCollab-need_tests\\BackEnd\\Models\\userModel.js","statementMap":{"0":{"start":{"line":1,"column":17},"end":{"line":1,"column":36}},"1":{"start":{"line":3,"column":19},"end":{"line":22,"column":2}},"2":{"start":{"line":24,"column":0},"end":{"line":24,"column":53}}},"fnMap":{},"branchMap":{},"s":{"0":3,"1":3,"2":3},"f":{},"b":{},"_coverageSchema":"1a1c01bbd47fc00a2c39e90264f33305004495a9","hash":"dbe42ae4b3fa92210d10358f811d2904c577c9fa"}
,"C:\\Users\\user 1\\Music\\UniResCollab-need_tests\\BackEnd\\Routes\\authRoutes.js": {"path":"C:\\Users\\user 1\\Music\\UniResCollab-need_tests\\BackEnd\\Routes\\authRoutes.js","statementMap":{"0":{"start":{"line":1,"column":16},"end":{"line":1,"column":34}},"1":{"start":{"line":2,"column":17},"end":{"line":2,"column":36}},"2":{"start":{"line":3,"column":23},"end":{"line":3,"column":63}},"3":{"start":{"line":5,"column":15},"end":{"line":5,"column":31}},"4":{"start":{"line":8,"column":0},"end":{"line":8,"column":88}},"5":{"start":{"line":9,"column":0},"end":{"line":9,"column":126}},"6":{"start":{"line":13,"column":0},"end":{"line":13,"column":82}},"7":{"start":{"line":14,"column":0},"end":{"line":14,"column":126}},"8":{"start":{"line":17,"column":0},"end":{"line":17,"column":47}},"9":{"start":{"line":19,"column":0},"end":{"line":19,"column":24}}},"fnMap":{},"branchMap":{},"s":{"0":2,"1":2,"2":2,"3":2,"4":2,"5":2,"6":2,"7":2,"8":2,"9":2},"f":{},"b":{},"_coverageSchema":"1a1c01bbd47fc00a2c39e90264f33305004495a9","hash":"254b9d981b67e2c507cbff8762ba0db51b4a87fc"}
,"C:\\Users\\user 1\\Music\\UniResCollab-need_tests\\BackEnd\\Routes\\fileRouters.js": {"path":"C:\\Users\\user 1\\Music\\UniResCollab-need_tests\\BackEnd\\Routes\\fileRouters.js","statementMap":{"0":{"start":{"line":1,"column":16},"end":{"line":1,"column":34}},"1":{"start":{"line":2,"column":15},"end":{"line":2,"column":31}},"2":{"start":{"line":3,"column":15},"end":{"line":3,"column":32}},"3":{"start":{"line":4,"column":23},"end":{"line":4,"column":64}},"4":{"start":{"line":6,"column":16},"end":{"line":6,"column":38}},"5":{"start":{"line":7,"column":15},"end":{"line":7,"column":34}},"6":{"start":{"line":9,"column":0},"end":{"line":9,"column":51}},"7":{"start":{"line":10,"column":0},"end":{"line":10,"column":72}},"8":{"start":{"line":11,"column":0},"end":{"line":11,"column":47}},"9":{"start":{"line":12,"column":0},"end":{"line":12,"column":54}},"10":{"start":{"line":14,"column":0},"end":{"line":14,"column":24}}},"fnMap":{},"branchMap":{},"s":{"0":3,"1":3,"2":3,"3":3,"4":3,"5":3,"6":3,"7":3,"8":3,"9":3,"10":3},"f":{},"b":{},"_coverageSchema":"1a1c01bbd47fc00a2c39e90264f33305004495a9","hash":"965a2a3c8bf23aa2e3e5790e972fc7bbf8169a59"}
,"C:\\Users\\user 1\\Music\\UniResCollab-need_tests\\BackEnd\\Routes\\projectRouter.js": {"path":"C:\\Users\\user 1\\Music\\UniResCollab-need_tests\\BackEnd\\Routes\\projectRouter.js","statementMap":{"0":{"start":{"line":1,"column":16},"end":{"line":1,"column":34}},"1":{"start":{"line":2,"column":15},"end":{"line":2,"column":31}},"2":{"start":{"line":3,"column":26},"end":{"line":3,"column":69}},"3":{"start":{"line":4,"column":23},"end":{"line":4,"column":63}},"4":{"start":{"line":5,"column":50},"end":{"line":5,"column":89}},"5":{"start":{"line":6,"column":14},"end":{"line":6,"column":38}},"6":{"start":{"line":7,"column":16},"end":{"line":7,"column":44}},"7":{"start":{"line":8,"column":13},"end":{"line":8,"column":43}},"8":{"start":{"line":11,"column":0},"end":{"line":11,"column":20}},"9":{"start":{"line":15,"column":0},"end":{"line":17,"column":3}},"10":{"start":{"line":16,"column":2},"end":{"line":16,"column":23}},"11":{"start":{"line":21,"column":0},"end":{"line":21,"column":95}},"12":{"start":{"line":24,"column":0},"end":{"line":24,"column":99}},"13":{"start":{"line":27,"column":0},"end":{"line":27,"column":94}},"14":{"start":{"line":29,"column":0},"end":{"line":29,"column":98}},"15":{"start":{"line":31,"column":0},"end":{"line":31,"column":93}},"16":{"start":{"line":33,"column":0},"end":{"line":33,"column":99}},"17":{"start":{"line":35,"column":0},"end":{"line":35,"column":123}},"18":{"start":{"line":37,"column":0},"end":{"line":37,"column":66}},"19":{"start":{"line":39,"column":0},"end":{"line":39,"column":88}},"20":{"start":{"line":42,"column":0},"end":{"line":61,"column":3}},"21":{"start":{"line":43,"column":24},"end":{"line":43,"column":34}},"22":{"start":{"line":45,"column":2},"end":{"line":60,"column":3}},"23":{"start":{"line":46,"column":20},"end":{"line":46,"column":53}},"24":{"start":{"line":47,"column":4},"end":{"line":49,"column":5}},"25":{"start":{"line":48,"column":6},"end":{"line":48,"column":55}},"26":{"start":{"line":52,"column":4},"end":{"line":56,"column":7}},"27":{"start":{"line":58,"column":4},"end":{"line":58,"column":23}},"28":{"start":{"line":59,"column":4},"end":{"line":59,"column":41}},"29":{"start":{"line":64,"column":0},"end":{"line":82,"column":3}},"30":{"start":{"line":65,"column":34},"end":{"line":65,"column":42}},"31":{"start":{"line":67,"column":2},"end":{"line":81,"column":3}},"32":{"start":{"line":68,"column":20},"end":{"line":68,"column":53}},"33":{"start":{"line":69,"column":4},"end":{"line":71,"column":5}},"34":{"start":{"line":70,"column":6},"end":{"line":70,"column":84}},"35":{"start":{"line":74,"column":4},"end":{"line":74,"column":78}},"36":{"start":{"line":74,"column":62},"end":{"line":74,"column":76}},"37":{"start":{"line":75,"column":4},"end":{"line":75,"column":25}},"38":{"start":{"line":77,"column":4},"end":{"line":77,"column":32}},"39":{"start":{"line":79,"column":4},"end":{"line":79,"column":25}},"40":{"start":{"line":80,"column":4},"end":{"line":80,"column":70}},"41":{"start":{"line":84,"column":0},"end":{"line":92,"column":3}},"42":{"start":{"line":85,"column":2},"end":{"line":91,"column":3}},"43":{"start":{"line":86,"column":21},"end":{"line":86,"column":43}},"44":{"start":{"line":87,"column":4},"end":{"line":87,"column":45}},"45":{"start":{"line":89,"column":4},"end":{"line":89,"column":23}},"46":{"start":{"line":90,"column":4},"end":{"line":90,"column":41}},"47":{"start":{"line":95,"column":0},"end":{"line":113,"column":3}},"48":{"start":{"line":96,"column":27},"end":{"line":96,"column":44}},"49":{"start":{"line":98,"column":2},"end":{"line":112,"column":3}},"50":{"start":{"line":100,"column":17},"end":{"line":100,"column":76}},"51":{"start":{"line":101,"column":4},"end":{"line":103,"column":5}},"52":{"start":{"line":102,"column":6},"end":{"line":102,"column":82}},"53":{"start":{"line":106,"column":4},"end":{"line":106,"column":49}},"54":{"start":{"line":108,"column":4},"end":{"line":108,"column":90}},"55":{"start":{"line":110,"column":4},"end":{"line":110,"column":60}},"56":{"start":{"line":111,"column":4},"end":{"line":111,"column":79}},"57":{"start":{"line":114,"column":0},"end":{"line":114,"column":24}}},"fnMap":{"0":{"name":"(anonymous_0)","decl":{"start":{"line":15,"column":61},"end":{"line":15,"column":62}},"loc":{"start":{"line":15,"column":75},"end":{"line":17,"column":1}},"line":15},"1":{"name":"(anonymous_1)","decl":{"start":{"line":42,"column":40},"end":{"line":42,"column":41}},"loc":{"start":{"line":42,"column":60},"end":{"line":61,"column":1}},"line":42},"2":{"name":"(anonymous_2)","decl":{"start":{"line":64,"column":35},"end":{"line":64,"column":36}},"loc":{"start":{"line":64,"column":55},"end":{"line":82,"column":1}},"line":64},"3":{"name":"(anonymous_3)","decl":{"start":{"line":74,"column":57},"end":{"line":74,"column":58}},"loc":{"start":{"line":74,"column":62},"end":{"line":74,"column":76}},"line":74},"4":{"name":"(anonymous_4)","decl":{"start":{"line":84,"column":19},"end":{"line":84,"column":20}},"loc":{"start":{"line":84,"column":39},"end":{"line":92,"column":1}},"line":84},"5":{"name":"(anonymous_5)","decl":{"start":{"line":95,"column":29},"end":{"line":95,"column":30}},"loc":{"start":{"line":95,"column":49},"end":{"line":113,"column":1}},"line":95}},"branchMap":{"0":{"loc":{"start":{"line":47,"column":4},"end":{"line":49,"column":5}},"type":"if","locations":[{"start":{"line":47,"column":4},"end":{"line":49,"column":5}},{"start":{},"end":{}}],"line":47},"1":{"loc":{"start":{"line":69,"column":4},"end":{"line":71,"column":5}},"type":"if","locations":[{"start":{"line":69,"column":4},"end":{"line":71,"column":5}},{"start":{},"end":{}}],"line":69},"2":{"loc":{"start":{"line":101,"column":4},"end":{"line":103,"column":5}},"type":"if","locations":[{"start":{"line":101,"column":4},"end":{"line":103,"column":5}},{"start":{},"end":{}}],"line":101}},"s":{"0":2,"1":2,"2":2,"3":2,"4":2,"5":2,"6":2,"7":2,"8":2,"9":2,"10":0,"11":2,"12":2,"13":2,"14":2,"15":2,"16":2,"17":2,"18":2,"19":2,"20":2,"21":0,"22":0,"23":0,"24":0,"25":0,"26":0,"27":0,"28":0,"29":2,"30":0,"31":0,"32":0,"33":0,"34":0,"35":0,"36":0,"37":0,"38":0,"39":0,"40":0,"41":2,"42":0,"43":0,"44":0,"45":0,"46":0,"47":2,"48":0,"49":0,"50":0,"51":0,"52":0,"53":0,"54":0,"55":0,"56":0,"57":2},"f":{"0":0,"1":0,"2":0,"3":0,"4":0,"5":0},"b":{"0":[0,0],"1":[0,0],"2":[0,0]},"_coverageSchema":"1a1c01bbd47fc00a2c39e90264f33305004495a9","hash":"6c389856813372954a04494647f02a3004ff6688"}
,"C:\\Users\\user 1\\Music\\UniResCollab-need_tests\\BackEnd\\Routes\\userRoutes.js": {"path":"C:\\Users\\user 1\\Music\\UniResCollab-need_tests\\BackEnd\\Routes\\userRoutes.js","statementMap":{"0":{"start":{"line":1,"column":14},"end":{"line":1,"column":32}},"1":{"start":{"line":2,"column":17},"end":{"line":2,"column":57}},"2":{"start":{"line":3,"column":15},"end":{"line":3,"column":31}},"3":{"start":{"line":4,"column":18},"end":{"line":4,"column":48}},"4":{"start":{"line":8,"column":0},"end":{"line":8,"column":34}},"5":{"start":{"line":10,"column":0},"end":{"line":12,"column":3}},"6":{"start":{"line":11,"column":4},"end":{"line":11,"column":27}},"7":{"start":{"line":13,"column":0},"end":{"line":15,"column":3}},"8":{"start":{"line":14,"column":4},"end":{"line":14,"column":31}},"9":{"start":{"line":16,"column":0},"end":{"line":18,"column":3}},"10":{"start":{"line":17,"column":4},"end":{"line":17,"column":28}},"11":{"start":{"line":20,"column":0},"end":{"line":20,"column":46}},"12":{"start":{"line":22,"column":0},"end":{"line":22,"column":56}},"13":{"start":{"line":24,"column":0},"end":{"line":24,"column":52}},"14":{"start":{"line":26,"column":0},"end":{"line":26,"column":37}},"15":{"start":{"line":29,"column":0},"end":{"line":29,"column":43}},"16":{"start":{"line":32,"column":0},"end":{"line":34,"column":3}},"17":{"start":{"line":33,"column":2},"end":{"line":33,"column":24}},"18":{"start":{"line":38,"column":0},"end":{"line":60,"column":5}},"19":{"start":{"line":39,"column":4},"end":{"line":41,"column":5}},"20":{"start":{"line":40,"column":6},"end":{"line":40,"column":36}},"21":{"start":{"line":43,"column":25},"end":{"line":43,"column":39}},"22":{"start":{"line":45,"column":4},"end":{"line":47,"column":5}},"23":{"start":{"line":46,"column":6},"end":{"line":46,"column":55}},"24":{"start":{"line":49,"column":4},"end":{"line":59,"column":5}},"25":{"start":{"line":50,"column":6},"end":{"line":53,"column":8}},"26":{"start":{"line":55,"column":6},"end":{"line":55,"column":32}},"27":{"start":{"line":57,"column":6},"end":{"line":57,"column":51}},"28":{"start":{"line":58,"column":6},"end":{"line":58,"column":51}},"29":{"start":{"line":64,"column":2},"end":{"line":93,"column":3}},"30":{"start":{"line":65,"column":4},"end":{"line":67,"column":5}},"31":{"start":{"line":66,"column":8},"end":{"line":66,"column":38}},"32":{"start":{"line":69,"column":21},"end":{"line":69,"column":38}},"33":{"start":{"line":71,"column":4},"end":{"line":73,"column":5}},"34":{"start":{"line":72,"column":8},"end":{"line":72,"column":92}},"35":{"start":{"line":75,"column":4},"end":{"line":92,"column":5}},"36":{"start":{"line":76,"column":21},"end":{"line":80,"column":9}},"37":{"start":{"line":83,"column":8},"end":{"line":83,"column":70}},"38":{"start":{"line":83,"column":35},"end":{"line":83,"column":70}},"39":{"start":{"line":84,"column":8},"end":{"line":84,"column":76}},"40":{"start":{"line":84,"column":38},"end":{"line":84,"column":76}},"41":{"start":{"line":85,"column":8},"end":{"line":85,"column":80}},"42":{"start":{"line":85,"column":40},"end":{"line":85,"column":80}},"43":{"start":{"line":88,"column":8},"end":{"line":88,"column":26}},"44":{"start":{"line":90,"column":8},"end":{"line":90,"column":27}},"45":{"start":{"line":91,"column":8},"end":{"line":91,"column":54}},"46":{"start":{"line":96,"column":0},"end":{"line":96,"column":24}}},"fnMap":{"0":{"name":"(anonymous_0)","decl":{"start":{"line":10,"column":20},"end":{"line":10,"column":21}},"loc":{"start":{"line":10,"column":37},"end":{"line":12,"column":1}},"line":10},"1":{"name":"(anonymous_1)","decl":{"start":{"line":13,"column":23},"end":{"line":13,"column":24}},"loc":{"start":{"line":13,"column":40},"end":{"line":15,"column":1}},"line":13},"2":{"name":"(anonymous_2)","decl":{"start":{"line":16,"column":20},"end":{"line":16,"column":21}},"loc":{"start":{"line":16,"column":37},"end":{"line":18,"column":1}},"line":16},"3":{"name":"(anonymous_3)","decl":{"start":{"line":32,"column":22},"end":{"line":32,"column":23}},"loc":{"start":{"line":32,"column":39},"end":{"line":34,"column":1}},"line":32},"4":{"name":"(anonymous_4)","decl":{"start":{"line":38,"column":24},"end":{"line":38,"column":25}},"loc":{"start":{"line":38,"column":44},"end":{"line":60,"column":3}},"line":38},"5":{"name":"(anonymous_5)","decl":{"start":{"line":64,"column":27},"end":{"line":64,"column":28}},"loc":{"start":{"line":64,"column":47},"end":{"line":93,"column":1}},"line":64}},"branchMap":{"0":{"loc":{"start":{"line":39,"column":4},"end":{"line":41,"column":5}},"type":"if","locations":[{"start":{"line":39,"column":4},"end":{"line":41,"column":5}},{"start":{},"end":{}}],"line":39},"1":{"loc":{"start":{"line":45,"column":4},"end":{"line":47,"column":5}},"type":"if","locations":[{"start":{"line":45,"column":4},"end":{"line":47,"column":5}},{"start":{},"end":{}}],"line":45},"2":{"loc":{"start":{"line":65,"column":4},"end":{"line":67,"column":5}},"type":"if","locations":[{"start":{"line":65,"column":4},"end":{"line":67,"column":5}},{"start":{},"end":{}}],"line":65},"3":{"loc":{"start":{"line":71,"column":4},"end":{"line":73,"column":5}},"type":"if","locations":[{"start":{"line":71,"column":4},"end":{"line":73,"column":5}},{"start":{},"end":{}}],"line":71},"4":{"loc":{"start":{"line":71,"column":8},"end":{"line":71,"column":40}},"type":"binary-expr","locations":[{"start":{"line":71,"column":8},"end":{"line":71,"column":17}},{"start":{"line":71,"column":21},"end":{"line":71,"column":40}}],"line":71},"5":{"loc":{"start":{"line":83,"column":8},"end":{"line":83,"column":70}},"type":"if","locations":[{"start":{"line":83,"column":8},"end":{"line":83,"column":70}},{"start":{},"end":{}}],"line":83},"6":{"loc":{"start":{"line":84,"column":8},"end":{"line":84,"column":76}},"type":"if","locations":[{"start":{"line":84,"column":8},"end":{"line":84,"column":76}},{"start":{},"end":{}}],"line":84},"7":{"loc":{"start":{"line":85,"column":8},"end":{"line":85,"column":80}},"type":"if","locations":[{"start":{"line":85,"column":8},"end":{"line":85,"column":80}},{"start":{},"end":{}}],"line":85}},"s":{"0":2,"1":2,"2":2,"3":2,"4":2,"5":2,"6":0,"7":2,"8":0,"9":2,"10":0,"11":2,"12":2,"13":2,"14":2,"15":2,"16":2,"17":0,"18":2,"19":0,"20":0,"21":0,"22":0,"23":0,"24":0,"25":0,"26":0,"27":0,"28":0,"29":2,"30":0,"31":0,"32":0,"33":0,"34":0,"35":0,"36":0,"37":0,"38":0,"39":0,"40":0,"41":0,"42":0,"43":0,"44":0,"45":0,"46":2},"f":{"0":0,"1":0,"2":0,"3":0,"4":0,"5":0},"b":{"0":[0,0],"1":[0,0],"2":[0,0],"3":[0,0],"4":[0,0],"5":[0,0],"6":[0,0],"7":[0,0]},"_coverageSchema":"1a1c01bbd47fc00a2c39e90264f33305004495a9","hash":"d5068d89c273df8739ad6e4d3f796f9f0312eb09"}
,"C:\\Users\\user 1\\Music\\UniResCollab-need_tests\\BackEnd\\config\\database.js": {"path":"C:\\Users\\user 1\\Music\\UniResCollab-need_tests\\BackEnd\\config\\database.js","statementMap":{"0":{"start":{"line":2,"column":17},"end":{"line":2,"column":36}},"1":{"start":{"line":5,"column":13},"end":{"line":5,"column":28}},"2":{"start":{"line":6,"column":0},"end":{"line":6,"column":76}},"3":{"start":{"line":7,"column":11},"end":{"line":19,"column":3}},"4":{"start":{"line":8,"column":4},"end":{"line":18,"column":7}},"5":{"start":{"line":9,"column":6},"end":{"line":17,"column":11}},"6":{"start":{"line":11,"column":10},"end":{"line":11,"column":44}},"7":{"start":{"line":12,"column":10},"end":{"line":12,"column":20}},"8":{"start":{"line":15,"column":10},"end":{"line":15,"column":54}},"9":{"start":{"line":16,"column":10},"end":{"line":16,"column":22}},"10":{"start":{"line":21,"column":0},"end":{"line":21,"column":24}}},"fnMap":{"0":{"name":"(anonymous_0)","decl":{"start":{"line":7,"column":11},"end":{"line":7,"column":12}},"loc":{"start":{"line":7,"column":17},"end":{"line":19,"column":3}},"line":7},"1":{"name":"(anonymous_1)","decl":{"start":{"line":8,"column":23},"end":{"line":8,"column":24}},"loc":{"start":{"line":8,"column":44},"end":{"line":18,"column":5}},"line":8},"2":{"name":"(anonymous_2)","decl":{"start":{"line":10,"column":14},"end":{"line":10,"column":15}},"loc":{"start":{"line":10,"column":20},"end":{"line":13,"column":9}},"line":10},"3":{"name":"(anonymous_3)","decl":{"start":{"line":14,"column":15},"end":{"line":14,"column":16}},"loc":{"start":{"line":14,"column":24},"end":{"line":17,"column":9}},"line":14}},"branchMap":{},"s":{"0":2,"1":2,"2":2,"3":2,"4":0,"5":0,"6":0,"7":0,"8":0,"9":0,"10":2},"f":{"0":0,"1":0,"2":0,"3":0},"b":{},"_coverageSchema":"1a1c01bbd47fc00a2c39e90264f33305004495a9","hash":"7fab3876c9c3ea603d961d80cb07be9adaeeeba3"}
,"C:\\Users\\user 1\\Music\\UniResCollab-need_tests\\BackEnd\\config\\passport.js": {"path":"C:\\Users\\user 1\\Music\\UniResCollab-need_tests\\BackEnd\\config\\passport.js","statementMap":{"0":{"start":{"line":1,"column":17},"end":{"line":1,"column":36}},"1":{"start":{"line":4,"column":0},"end":{"line":4,"column":38}},"2":{"start":{"line":5,"column":0},"end":{"line":5,"column":38}},"3":{"start":{"line":7,"column":0},"end":{"line":7,"column":57}},"4":{"start":{"line":7,"column":39},"end":{"line":7,"column":55}},"5":{"start":{"line":8,"column":0},"end":{"line":8,"column":59}},"6":{"start":{"line":8,"column":41},"end":{"line":8,"column":57}},"7":{"start":{"line":10,"column":0},"end":{"line":10,"column":26}}},"fnMap":{"0":{"name":"(anonymous_0)","decl":{"start":{"line":7,"column":23},"end":{"line":7,"column":24}},"loc":{"start":{"line":7,"column":39},"end":{"line":7,"column":55}},"line":7},"1":{"name":"(anonymous_1)","decl":{"start":{"line":8,"column":25},"end":{"line":8,"column":26}},"loc":{"start":{"line":8,"column":41},"end":{"line":8,"column":57}},"line":8}},"branchMap":{},"s":{"0":2,"1":2,"2":2,"3":2,"4":0,"5":2,"6":0,"7":2},"f":{"0":0,"1":0},"b":{},"_coverageSchema":"1a1c01bbd47fc00a2c39e90264f33305004495a9","hash":"21ce0404a8f2d8d0c0fa350b563021793ff8c7ac"}
,"C:\\Users\\user 1\\Music\\UniResCollab-need_tests\\BackEnd\\middleware\\authMiddleware.js": {"path":"C:\\Users\\user 1\\Music\\UniResCollab-need_tests\\BackEnd\\middleware\\authMiddleware.js","statementMap":{"0":{"start":{"line":4,"column":4},"end":{"line":6,"column":5}},"1":{"start":{"line":5,"column":6},"end":{"line":5,"column":20}},"2":{"start":{"line":7,"column":4},"end":{"line":7,"column":27}},"3":{"start":{"line":12,"column":4},"end":{"line":14,"column":5}},"4":{"start":{"line":13,"column":6},"end":{"line":13,"column":20}},"5":{"start":{"line":15,"column":4},"end":{"line":15,"column":69}},"6":{"start":{"line":18,"column":2},"end":{"line":18,"column":61}}},"fnMap":{"0":{"name":"ensureAuthenticated","decl":{"start":{"line":3,"column":9},"end":{"line":3,"column":28}},"loc":{"start":{"line":3,"column":45},"end":{"line":8,"column":3}},"line":3},"1":{"name":"ensureResearcher","decl":{"start":{"line":11,"column":11},"end":{"line":11,"column":27}},"loc":{"start":{"line":11,"column":44},"end":{"line":16,"column":3}},"line":11}},"branchMap":{"0":{"loc":{"start":{"line":4,"column":4},"end":{"line":6,"column":5}},"type":"if","locations":[{"start":{"line":4,"column":4},"end":{"line":6,"column":5}},{"start":{},"end":{}}],"line":4},"1":{"loc":{"start":{"line":12,"column":4},"end":{"line":14,"column":5}},"type":"if","locations":[{"start":{"line":12,"column":4},"end":{"line":14,"column":5}},{"start":{},"end":{}}],"line":12},"2":{"loc":{"start":{"line":12,"column":8},"end":{"line":12,"column":50}},"type":"binary-expr","locations":[{"start":{"line":12,"column":8},"end":{"line":12,"column":16}},{"start":{"line":12,"column":20},"end":{"line":12,"column":50}}],"line":12}},"s":{"0":0,"1":0,"2":0,"3":0,"4":0,"5":0,"6":2},"f":{"0":0,"1":0},"b":{"0":[0,0],"1":[0,0],"2":[0,0]},"_coverageSchema":"1a1c01bbd47fc00a2c39e90264f33305004495a9","hash":"228a9a055d1bf9c888a1f4bf4351999e2e036642"}
,"C:\\Users\\user 1\\Music\\UniResCollab-need_tests\\BackEnd\\passport\\githubStrategy.js": {"path":"C:\\Users\\user 1\\Music\\UniResCollab-need_tests\\BackEnd\\passport\\githubStrategy.js","statementMap":{"0":{"start":{"line":7,"column":17},"end":{"line":7,"column":36}},"1":{"start":{"line":8,"column":23},"end":{"line":8,"column":59}},"2":{"start":{"line":9,"column":13},"end":{"line":9,"column":28}},"3":{"start":{"line":10,"column":18},"end":{"line":10,"column":48}},"4":{"start":{"line":11,"column":0},"end":{"line":11,"column":76}},"5":{"start":{"line":13,"column":0},"end":{"line":40,"column":3}},"6":{"start":{"line":19,"column":20},"end":{"line":22,"column":5}},"7":{"start":{"line":24,"column":4},"end":{"line":38,"column":5}},"8":{"start":{"line":25,"column":17},"end":{"line":25,"column":88}},"9":{"start":{"line":27,"column":6},"end":{"line":32,"column":7}},"10":{"start":{"line":28,"column":8},"end":{"line":28,"column":47}},"11":{"start":{"line":31,"column":8},"end":{"line":31,"column":32}},"12":{"start":{"line":33,"column":6},"end":{"line":33,"column":30}},"13":{"start":{"line":36,"column":6},"end":{"line":36,"column":25}},"14":{"start":{"line":37,"column":6},"end":{"line":37,"column":29}}},"fnMap":{"0":{"name":"(anonymous_0)","decl":{"start":{"line":18,"column":2},"end":{"line":18,"column":3}},"loc":{"start":{"line":18,"column":54},"end":{"line":39,"column":3}},"line":18}},"branchMap":{"0":{"loc":{"start":{"line":27,"column":6},"end":{"line":32,"column":7}},"type":"if","locations":[{"start":{"line":27,"column":6},"end":{"line":32,"column":7}},{"start":{"line":30,"column":10},"end":{"line":32,"column":7}}],"line":27}},"s":{"0":2,"1":2,"2":2,"3":2,"4":2,"5":2,"6":0,"7":0,"8":0,"9":0,"10":0,"11":0,"12":0,"13":0,"14":0},"f":{"0":0},"b":{"0":[0,0]},"_coverageSchema":"1a1c01bbd47fc00a2c39e90264f33305004495a9","hash":"ded79303eb32eaba12de27e9d7cf0e6af6d1f06b"}
,"C:\\Users\\user 1\\Music\\UniResCollab-need_tests\\BackEnd\\passport\\googleStrategy.js": {"path":"C:\\Users\\user 1\\Music\\UniResCollab-need_tests\\BackEnd\\passport\\googleStrategy.js","statementMap":{"0":{"start":{"line":5,"column":17},"end":{"line":5,"column":36}},"1":{"start":{"line":6,"column":23},"end":{"line":6,"column":66}},"2":{"start":{"line":7,"column":13},"end":{"line":7,"column":28}},"3":{"start":{"line":8,"column":18},"end":{"line":8,"column":48}},"4":{"start":{"line":9,"column":0},"end":{"line":9,"column":76}},"5":{"start":{"line":11,"column":0},"end":{"line":38,"column":3}},"6":{"start":{"line":17,"column":20},"end":{"line":20,"column":5}},"7":{"start":{"line":22,"column":4},"end":{"line":36,"column":5}},"8":{"start":{"line":23,"column":17},"end":{"line":23,"column":88}},"9":{"start":{"line":25,"column":6},"end":{"line":30,"column":7}},"10":{"start":{"line":26,"column":8},"end":{"line":26,"column":47}},"11":{"start":{"line":29,"column":8},"end":{"line":29,"column":32}},"12":{"start":{"line":31,"column":6},"end":{"line":31,"column":30}},"13":{"start":{"line":34,"column":6},"end":{"line":34,"column":25}},"14":{"start":{"line":35,"column":6},"end":{"line":35,"column":29}}},"fnMap":{"0":{"name":"(anonymous_0)","decl":{"start":{"line":16,"column":2},"end":{"line":16,"column":3}},"loc":{"start":{"line":16,"column":54},"end":{"line":37,"column":3}},"line":16}},"branchMap":{"0":{"loc":{"start":{"line":25,"column":6},"end":{"line":30,"column":7}},"type":"if","locations":[{"start":{"line":25,"column":6},"end":{"line":30,"column":7}},{"start":{"line":28,"column":10},"end":{"line":30,"column":7}}],"line":25}},"s":{"0":2,"1":2,"2":2,"3":2,"4":2,"5":2,"6":0,"7":0,"8":0,"9":0,"10":0,"11":0,"12":0,"13":0,"14":0},"f":{"0":0},"b":{"0":[0,0]},"_coverageSchema":"1a1c01bbd47fc00a2c39e90264f33305004495a9","hash":"03a9e42590ce47090e8b1023366bae02f4cf8311"}
,"C:\\Users\\user 1\\Music\\UniResCollab-need_tests\\BackEnd\\tests\\mocks\\ensureAuthenticated.js": {"path":"C:\\Users\\user 1\\Music\\UniResCollab-need_tests\\BackEnd\\tests\\mocks\\ensureAuthenticated.js","statementMap":{"0":{"start":{"line":2,"column":0},"end":{"line":5,"column":2}},"1":{"start":{"line":3,"column":4},"end":{"line":3,"column":45}},"2":{"start":{"line":4,"column":4},"end":{"line":4,"column":11}}},"fnMap":{"0":{"name":"(anonymous_0)","decl":{"start":{"line":2,"column":17},"end":{"line":2,"column":18}},"loc":{"start":{"line":2,"column":37},"end":{"line":5,"column":1}},"line":2}},"branchMap":{},"s":{"0":1,"1":1,"2":1},"f":{"0":1},"b":{},"_coverageSchema":"1a1c01bbd47fc00a2c39e90264f33305004495a9","hash":"f62b6ec7c84b25507c0218052198ed5d95159742"}
,"C:\\Users\\user 1\\Music\\UniResCollab-need_tests\\BackEnd\\tests\\mocks\\ensureResearcher.js": {"path":"C:\\Users\\user 1\\Music\\UniResCollab-need_tests\\BackEnd\\tests\\mocks\\ensureResearcher.js","statementMap":{"0":{"start":{"line":2,"column":0},"end":{"line":7,"column":2}},"1":{"start":{"line":3,"column":4},"end":{"line":5,"column":5}},"2":{"start":{"line":4,"column":8},"end":{"line":4,"column":22}},"3":{"start":{"line":6,"column":4},"end":{"line":6,"column":38}}},"fnMap":{"0":{"name":"(anonymous_0)","decl":{"start":{"line":2,"column":17},"end":{"line":2,"column":18}},"loc":{"start":{"line":2,"column":37},"end":{"line":7,"column":1}},"line":2}},"branchMap":{"0":{"loc":{"start":{"line":3,"column":4},"end":{"line":5,"column":5}},"type":"if","locations":[{"start":{"line":3,"column":4},"end":{"line":5,"column":5}},{"start":{},"end":{}}],"line":3},"1":{"loc":{"start":{"line":3,"column":8},"end":{"line":3,"column":50}},"type":"binary-expr","locations":[{"start":{"line":3,"column":8},"end":{"line":3,"column":16}},{"start":{"line":3,"column":20},"end":{"line":3,"column":50}}],"line":3}},"s":{"0":1,"1":1,"2":1,"3":0},"f":{"0":1},"b":{"0":[1,0],"1":[1,1]},"_coverageSchema":"1a1c01bbd47fc00a2c39e90264f33305004495a9","hash":"883dbc33ef30ff1c7aeb2feea2cf557025a9be94"}
}
